SF:lib\app\application\providers\supported_training_scent.provider.dart
DA:8,2
DA:9,6
DA:10,6
DA:11,0
DA:15,2
DA:16,6
DA:17,6
DA:18,0
LF:8
LH:6
end_of_record
SF:lib\app\static\supported_training_scent.dart
DA:6,3
DA:8,3
DA:37,3
DA:45,3
DA:46,3
DA:49,0
DA:50,0
DA:53,3
DA:54,6
DA:57,0
DA:58,0
DA:61,3
DA:62,3
DA:64,1
DA:68,4
DA:71,0
DA:72,0
DA:74,0
DA:76,0
LF:19
LH:11
end_of_record
SF:lib\app\static\supported_training_scent.g.dart
DA:9,3
DA:11,3
DA:12,3
DA:13,3
DA:14,3
DA:15,3
DA:16,3
DA:17,3
DA:18,3
DA:25,9
DA:26,3
DA:33,3
DA:40,3
DA:47,3
DA:54,3
DA:61,3
DA:68,3
DA:75,3
DA:82,3
DA:89,3
DA:96,3
DA:103,3
DA:110,3
DA:117,3
LF:24
LH:24
end_of_record
SF:lib\app\shared\string_builder.dart
DA:5,1
DA:7,2
DA:9,1
DA:10,3
DA:14,1
DA:15,3
DA:16,4
DA:20,2
DA:25,1
DA:26,3
LF:10
LH:10
end_of_record
SF:lib\app\static\supported_training_scent_data.dart
DA:6,3
DA:8,3
DA:11,3
DA:12,6
DA:15,3
DA:16,6
LF:6
LH:6
end_of_record
SF:lib\app\db\entities\training_period.entity.dart
DA:14,5
DA:19,0
DA:20,0
DA:22,1
DA:26,1
DA:27,3
DA:28,3
DA:31,0
DA:32,0
LF:9
LH:5
end_of_record
SF:lib\app\db\entities\training_scent.entity.dart
DA:16,3
DA:30,0
DA:32,0
DA:34,1
DA:38,1
DA:39,3
DA:40,3
DA:41,3
DA:44,0
DA:46,0
LF:10
LH:6
end_of_record
SF:lib\app\db\entities\training_session.entity.dart
DA:23,2
DA:29,0
DA:31,0
DA:33,1
DA:37,1
DA:38,3
DA:39,3
DA:40,3
DA:43,0
DA:44,0
LF:10
LH:6
end_of_record
SF:lib\app\db\daos\training_session_entry.dao.dart
DA:18,0
DA:22,0
DA:25,0
DA:28,0
DA:29,0
DA:32,0
DA:33,0
DA:34,0
DA:35,0
DA:37,0
DA:38,0
DA:39,0
LF:12
LH:0
end_of_record
SF:lib\app\db\entities\training_session_entry.entity.dart
DA:42,1
DA:52,0
DA:54,0
DA:57,1
DA:61,1
DA:62,3
DA:63,3
DA:64,3
DA:65,3
DA:66,3
DA:67,3
DA:68,3
DA:71,0
DA:73,0
DA:74,0
DA:75,0
DA:76,0
DA:77,0
DA:78,0
DA:79,0
LF:20
LH:10
end_of_record
SF:lib\app\db\services\training_scent.service.dart
DA:18,2
DA:22,6
DA:25,1
DA:28,2
DA:31,0
DA:34,1
DA:35,2
DA:37,1
DA:38,2
DA:41,0
DA:42,0
DA:43,0
DA:44,0
DA:45,0
DA:46,0
DA:51,0
DA:56,0
DA:59,0
DA:60,0
DA:65,0
DA:67,0
DA:68,0
DA:69,0
DA:73,0
DA:74,0
DA:75,0
DA:76,0
DA:77,0
DA:79,0
DA:80,0
DA:83,0
DA:86,0
DA:87,0
DA:88,0
DA:89,0
DA:91,0
DA:92,0
DA:97,1
DA:102,1
DA:103,3
DA:105,1
DA:107,2
DA:108,1
DA:111,1
DA:117,0
DA:118,0
DA:119,0
DA:120,0
DA:122,0
DA:123,0
LF:50
LH:15
end_of_record
SF:lib\app\db\smellsense.db.g.dart
DA:24,0
DA:25,0
DA:30,6
DA:31,6
DA:36,6
DA:44,0
DA:46,0
DA:50,0
DA:52,0
DA:56,6
DA:58,6
DA:59,0
DA:61,6
DA:62,12
DA:64,6
DA:65,6
DA:72,6
DA:73,12
DA:84,6
DA:89,6
DA:91,6
DA:92,6
DA:93,0
DA:95,6
DA:96,0
DA:98,0
DA:99,0
DA:102,0
DA:104,6
DA:105,6
DA:107,6
DA:109,6
DA:111,6
DA:114,0
DA:117,12
DA:120,5
DA:122,5
DA:123,15
DA:126,3
DA:128,3
DA:129,9
DA:132,2
DA:134,2
DA:135,6
DA:138,3
DA:140,3
DA:141,9
DA:146,5
DA:149,5
DA:150,5
DA:153,10
DA:154,5
DA:155,15
DA:157,5
DA:160,5
DA:161,0
DA:162,0
DA:163,0
DA:165,5
DA:168,5
DA:169,8
DA:170,4
DA:171,12
DA:188,0
DA:190,0
DA:191,0
DA:192,0
DA:194,0
DA:197,1
DA:199,2
DA:201,2
DA:202,1
DA:204,3
DA:207,1
DA:209,2
DA:211,2
DA:212,1
DA:213,3
DA:214,1
DA:217,0
DA:220,0
DA:222,0
DA:223,0
DA:224,0
DA:225,0
DA:228,5
DA:230,10
DA:234,0
DA:236,0
DA:240,4
DA:242,8
DA:247,3
DA:250,3
DA:251,3
DA:254,4
DA:255,2
DA:256,2
DA:257,6
DA:259,3
DA:262,3
DA:263,4
DA:264,2
DA:265,2
DA:266,6
DA:281,1
DA:284,2
DA:286,0
DA:287,0
DA:288,0
DA:289,0
DA:290,1
DA:293,1
DA:295,2
DA:297,2
DA:298,1
DA:299,1
DA:300,3
DA:301,1
DA:304,2
DA:306,4
DA:310,2
DA:312,4
DA:317,2
DA:320,2
DA:321,2
DA:324,2
DA:325,1
DA:326,1
DA:327,1
DA:328,1
DA:329,1
DA:330,1
DA:331,1
DA:333,2
DA:336,2
DA:337,2
DA:338,1
DA:339,1
DA:340,1
DA:341,1
DA:342,1
DA:343,1
DA:344,1
DA:359,1
DA:362,2
DA:364,9
DA:365,1
DA:368,1
DA:371,2
DA:375,1
DA:378,2
DA:381,0
DA:383,0
DA:384,0
DA:386,0
DA:387,0
DA:388,0
DA:389,0
DA:390,0
DA:391,0
DA:398,3
DA:401,3
DA:402,3
DA:405,4
DA:406,2
DA:407,2
DA:408,2
DA:410,3
DA:413,3
DA:414,0
DA:415,0
DA:416,0
DA:417,0
DA:419,3
DA:422,3
DA:423,2
DA:424,1
DA:425,1
DA:426,1
DA:443,2
DA:445,4
DA:447,10
DA:448,2
DA:451,0
DA:454,0
DA:456,0
DA:457,0
DA:460,2
DA:462,4
DA:466,0
DA:468,0
DA:472,1
DA:474,2
DA:479,15
LF:194
LH:142
end_of_record
SF:lib\app\db\smellsense.db.dart
DA:43,0
DA:45,0
DA:47,0
DA:48,0
DA:49,0
DA:50,0
DA:52,0
LF:7
LH:0
end_of_record
SF:lib\app\shared\modules\training_scent\training_scent.module.dart
DA:23,1
DA:24,1
DA:25,3
DA:29,0
DA:30,0
DA:38,2
DA:42,0
DA:43,0
DA:45,0
DA:47,1
DA:51,4
DA:54,0
DA:55,0
DA:57,0
DA:59,0
LF:15
LH:6
end_of_record
SF:lib\app\shared\utils.dart
DA:5,0
DA:6,0
DA:9,4
LF:3
LH:1
end_of_record
SF:lib\app\db\type-converters\datetime.type_converter.dart
DA:4,3
DA:6,3
DA:7,3
DA:11,5
DA:13,5
DA:14,5
DA:15,10
DA:19,5
DA:20,20
LF:9
LH:9
end_of_record
SF:lib\app\shared\modules\training_period.module.dart
DA:8,2
DA:14,0
DA:16,0
DA:18,0
LF:4
LH:1
end_of_record
SF:lib\app\shared\modules\training_session\training_session.module.dart
DA:7,2
DA:12,0
DA:16,0
DA:17,0
DA:18,0
DA:21,0
DA:22,0
DA:24,0
DA:26,0
DA:28,0
DA:42,0
DA:43,0
LF:12
LH:1
end_of_record
SF:lib\app\shared\modules\training_scent\training_scent_display.module.dart
DA:11,7
DA:18,0
DA:19,0
DA:21,0
DA:109,0
DA:111,0
LF:6
LH:1
end_of_record
SF:lib\app\shared\modules\training_session\training_session_entry.module.dart
DA:12,2
DA:20,0
DA:24,0
DA:25,0
DA:26,0
DA:27,0
DA:28,0
DA:29,0
DA:32,0
DA:34,0
DA:35,0
DA:36,0
DA:37,0
DA:38,0
DA:41,0
DA:43,0
LF:16
LH:1
end_of_record
SF:lib\app\shared\modules\training_session\training_session_entry_parosmia_reaction.module.dart
DA:11,0
DA:12,0
DA:13,0
DA:17,0
DA:19,0
DA:36,0
DA:37,0
DA:38,0
DA:60,0
DA:61,0
DA:64,0
DA:65,0
DA:68,0
DA:71,0
DA:74,0
DA:76,0
LF:16
LH:0
end_of_record
SF:lib\app\shared\modules\training_session\training_session_entry_rating.module.dart
DA:16,0
DA:17,0
DA:18,0
DA:24,0
DA:32,0
DA:33,0
LF:6
LH:0
end_of_record
SF:lib\app\shared\datetime_utils.dart
DA:4,0
DA:6,4
DA:7,4
DA:8,16
DA:11,1
DA:12,4
DA:15,0
DA:16,0
LF:8
LH:5
end_of_record
SF:lib\app\db\services\training_period.service.dart
DA:24,1
DA:28,3
DA:29,3
DA:32,1
DA:35,2
DA:38,0
DA:42,3
DA:44,1
DA:45,1
DA:46,1
DA:50,0
DA:51,0
DA:52,0
DA:53,0
DA:54,0
DA:59,1
DA:63,1
DA:65,2
DA:66,1
DA:68,1
DA:74,0
DA:75,0
DA:76,0
DA:77,0
DA:78,0
DA:79,0
LF:26
LH:14
end_of_record
SF:lib\app\db\services\training_session.service.dart
DA:15,1
DA:19,3
DA:22,0
DA:27,0
DA:28,0
DA:29,0
DA:30,0
DA:35,0
DA:36,0
DA:37,0
DA:38,0
DA:39,0
DA:40,0
DA:45,1
DA:48,1
DA:52,2
DA:54,1
DA:56,0
DA:57,0
DA:59,0
DA:60,0
DA:61,0
DA:69,0
DA:70,0
DA:71,0
DA:72,0
DA:73,0
LF:27
LH:6
end_of_record
SF:lib\app\db\services\training_session_entry.service.dart
DA:21,1
DA:26,3
DA:29,0
DA:34,0
DA:36,0
DA:37,0
DA:38,0
DA:40,0
DA:41,0
DA:43,0
DA:44,0
DA:45,0
DA:46,0
DA:49,0
DA:50,0
DA:54,0
DA:57,0
DA:58,0
DA:59,0
DA:60,0
DA:61,0
DA:62,0
DA:67,0
DA:73,0
DA:74,0
DA:77,0
DA:78,0
DA:79,0
DA:81,0
DA:82,0
DA:83,0
DA:84,0
DA:85,0
DA:89,0
DA:90,0
DA:91,0
DA:92,0
DA:93,0
DA:94,0
LF:39
LH:2
end_of_record
