SF:lib\app\db\smellsense.db.g.dart
DA:24,0
DA:25,0
DA:30,4
DA:31,4
DA:36,4
DA:44,0
DA:46,0
DA:50,0
DA:52,0
DA:56,4
DA:58,4
DA:59,0
DA:61,4
DA:62,8
DA:64,4
DA:65,4
DA:72,4
DA:73,8
DA:84,4
DA:89,4
DA:91,4
DA:92,4
DA:93,0
DA:95,4
DA:96,0
DA:98,0
DA:99,0
DA:102,0
DA:104,4
DA:105,4
DA:107,4
DA:109,4
DA:111,4
DA:114,0
DA:117,8
DA:120,4
DA:122,4
DA:123,12
DA:126,2
DA:128,2
DA:129,6
DA:132,1
DA:134,1
DA:135,3
DA:138,1
DA:140,1
DA:141,3
DA:146,4
DA:149,4
DA:150,4
DA:153,8
DA:154,4
DA:155,12
DA:157,4
DA:160,4
DA:161,0
DA:162,0
DA:163,0
DA:165,4
DA:168,4
DA:169,8
DA:170,4
DA:171,12
DA:188,0
DA:190,0
DA:191,0
DA:192,0
DA:194,0
DA:197,0
DA:199,0
DA:201,0
DA:202,0
DA:204,0
DA:207,2
DA:209,4
DA:211,4
DA:212,2
DA:213,6
DA:214,2
DA:217,0
DA:220,0
DA:222,0
DA:223,0
DA:224,0
DA:225,0
DA:228,4
DA:230,8
DA:234,0
DA:236,0
DA:240,4
DA:242,8
DA:247,2
DA:250,2
DA:251,2
DA:254,4
DA:255,2
DA:256,2
DA:257,6
DA:259,2
DA:262,2
DA:263,4
DA:264,2
DA:265,2
DA:266,6
DA:281,0
DA:284,0
DA:286,0
DA:287,0
DA:288,0
DA:289,0
DA:290,0
DA:293,2
DA:295,4
DA:297,4
DA:298,2
DA:299,2
DA:300,6
DA:301,2
DA:304,2
DA:306,4
DA:310,2
DA:312,4
DA:317,1
DA:320,1
DA:321,1
DA:324,2
DA:325,1
DA:326,1
DA:327,1
DA:328,1
DA:329,1
DA:330,1
DA:331,1
DA:333,1
DA:336,1
DA:337,2
DA:338,1
DA:339,1
DA:340,1
DA:341,1
DA:342,1
DA:343,1
DA:344,1
DA:359,1
DA:362,2
DA:364,0
DA:365,1
DA:368,1
DA:371,2
DA:375,1
DA:378,2
DA:381,0
DA:383,0
DA:384,0
DA:386,0
DA:387,0
DA:388,0
DA:389,0
DA:390,0
DA:391,0
DA:398,1
DA:401,1
DA:402,1
DA:405,2
DA:406,1
DA:407,1
DA:408,1
DA:410,1
DA:413,1
DA:414,0
DA:415,0
DA:416,0
DA:417,0
DA:419,1
DA:422,1
DA:423,2
DA:424,1
DA:425,1
DA:426,1
DA:443,1
DA:445,2
DA:447,5
DA:448,1
DA:451,0
DA:454,0
DA:456,0
DA:457,0
DA:460,1
DA:462,2
DA:466,0
DA:468,0
DA:472,1
DA:474,2
DA:479,12
LF:194
LH:133
end_of_record
SF:lib\app\db\smellsense.db.dart
DA:43,0
DA:45,0
DA:47,0
DA:48,0
DA:49,0
DA:50,0
DA:53,0
LF:7
LH:0
end_of_record
SF:lib\app\db\entities\training_period.entity.dart
DA:14,4
DA:19,0
DA:20,0
DA:22,1
DA:26,1
DA:27,3
DA:28,3
DA:31,0
DA:32,0
LF:9
LH:5
end_of_record
SF:lib\app\shared\datetime_utils.dart
DA:4,0
DA:6,4
DA:7,4
DA:8,16
DA:11,0
DA:12,0
LF:6
LH:3
end_of_record
SF:lib\app\db\entities\training_scent.entity.dart
DA:16,2
DA:30,0
DA:32,0
DA:34,1
DA:38,1
DA:39,3
DA:40,3
DA:41,3
DA:44,0
DA:46,0
LF:10
LH:6
end_of_record
SF:lib\app\db\entities\training_session.entity.dart
DA:23,2
DA:29,0
DA:31,0
DA:33,1
DA:37,1
DA:38,3
DA:39,3
DA:40,3
DA:43,0
DA:44,0
LF:10
LH:6
end_of_record
SF:lib\app\db\daos\training_session_entry.dao.dart
DA:18,0
DA:22,0
DA:25,0
DA:28,0
DA:29,0
DA:32,0
DA:33,0
DA:34,0
DA:35,0
DA:37,0
DA:38,0
DA:39,0
LF:12
LH:0
end_of_record
SF:lib\app\db\entities\training_session_entry.entity.dart
DA:42,1
DA:52,0
DA:54,0
DA:57,0
DA:61,0
DA:62,0
DA:63,0
DA:64,0
DA:65,0
DA:66,0
DA:67,0
DA:68,0
DA:71,0
DA:73,0
DA:74,0
DA:75,0
DA:76,0
DA:77,0
DA:78,0
DA:79,0
LF:20
LH:1
end_of_record
SF:lib\app\shared\string_builder.dart
DA:5,0
DA:7,0
DA:9,0
DA:10,0
DA:11,0
DA:16,0
DA:17,0
DA:18,0
DA:19,0
DA:24,0
DA:28,0
DA:29,0
DA:32,0
DA:33,0
DA:35,0
DA:39,0
DA:42,0
DA:43,0
LF:18
LH:0
end_of_record
SF:lib\app\db\services\datetime_converter.converter.dart
DA:4,3
DA:6,3
DA:7,3
DA:11,4
DA:13,4
DA:14,4
DA:15,8
DA:19,4
DA:20,16
LF:9
LH:9
end_of_record
